生成启动时间为 2017/3/27 23:20:55。
     1>项目“D:\vs2010\销售公司员工管理\销售公司员工管理\销售公司员工管理.vcxproj”在节点 2 上(build 个目标)。
     1>InitializeBuildStatus:
         正在创建“Debug\销售公司员工管理.unsuccessfulbuild”，因为已指定“AlwaysCreate”。
       ClCompile:
         D:\vs2010\VC\bin\CL.exe /c /ZI /nologo /W3 /WX- /Od /Oy- /D WIN32 /D _DEBUG /D _CONSOLE /D _UNICODE /D UNICODE /Gm /EHsc /RTC1 /MDd /GS /fp:precise /Zc:wchar_t /Zc:forScope /Fo"Debug\\" /Fd"Debug\vc100.pdb" /Gd /TP /analyze- /errorReport:prompt Staff_Manage.cpp
         Staff_Manage.cpp
     1>d:\vs2010\销售公司员工管理\销售公司员工管理\staff_manage.cpp(16): warning C4244: “=”: 从“std::streamoff”转换到“int”，可能丢失数据
     1>d:\vs2010\销售公司员工管理\销售公司员工管理\staff_manage.cpp(107): warning C4996: 'strcpy': This function or variable may be unsafe. Consider using strcpy_s instead. To disable deprecation, use _CRT_SECURE_NO_WARNINGS. See online help for details.
                 d:\vs2010\vc\include\string.h(105) : 参见“strcpy”的声明
     1>d:\vs2010\销售公司员工管理\销售公司员工管理\staff_manage.cpp(108): warning C4996: 'strcpy': This function or variable may be unsafe. Consider using strcpy_s instead. To disable deprecation, use _CRT_SECURE_NO_WARNINGS. See online help for details.
                 d:\vs2010\vc\include\string.h(105) : 参见“strcpy”的声明
     1>d:\vs2010\销售公司员工管理\销售公司员工管理\staff_manage.cpp(109): warning C4996: 'strcpy': This function or variable may be unsafe. Consider using strcpy_s instead. To disable deprecation, use _CRT_SECURE_NO_WARNINGS. See online help for details.
                 d:\vs2010\vc\include\string.h(105) : 参见“strcpy”的声明
     1>d:\vs2010\销售公司员工管理\销售公司员工管理\staff_manage.cpp(110): warning C4996: 'strcpy': This function or variable may be unsafe. Consider using strcpy_s instead. To disable deprecation, use _CRT_SECURE_NO_WARNINGS. See online help for details.
                 d:\vs2010\vc\include\string.h(105) : 参见“strcpy”的声明
     1>d:\vs2010\销售公司员工管理\销售公司员工管理\staff_manage.cpp(111): warning C4996: 'strcpy': This function or variable may be unsafe. Consider using strcpy_s instead. To disable deprecation, use _CRT_SECURE_NO_WARNINGS. See online help for details.
                 d:\vs2010\vc\include\string.h(105) : 参见“strcpy”的声明
     1>d:\vs2010\销售公司员工管理\销售公司员工管理\staff_manage.cpp(112): warning C4244: “=”: 从“std::streamoff”转换到“int”，可能丢失数据
     1>d:\vs2010\销售公司员工管理\销售公司员工管理\staff_manage.cpp(159): warning C4996: 'strcpy': This function or variable may be unsafe. Consider using strcpy_s instead. To disable deprecation, use _CRT_SECURE_NO_WARNINGS. See online help for details.
                 d:\vs2010\vc\include\string.h(105) : 参见“strcpy”的声明
     1>d:\vs2010\销售公司员工管理\销售公司员工管理\staff_manage.cpp(160): warning C4996: 'strcpy': This function or variable may be unsafe. Consider using strcpy_s instead. To disable deprecation, use _CRT_SECURE_NO_WARNINGS. See online help for details.
                 d:\vs2010\vc\include\string.h(105) : 参见“strcpy”的声明
     1>d:\vs2010\销售公司员工管理\销售公司员工管理\staff_manage.cpp(161): warning C4996: 'strcpy': This function or variable may be unsafe. Consider using strcpy_s instead. To disable deprecation, use _CRT_SECURE_NO_WARNINGS. See online help for details.
                 d:\vs2010\vc\include\string.h(105) : 参见“strcpy”的声明
     1>d:\vs2010\销售公司员工管理\销售公司员工管理\staff_manage.cpp(162): warning C4996: 'strcpy': This function or variable may be unsafe. Consider using strcpy_s instead. To disable deprecation, use _CRT_SECURE_NO_WARNINGS. See online help for details.
                 d:\vs2010\vc\include\string.h(105) : 参见“strcpy”的声明
     1>d:\vs2010\销售公司员工管理\销售公司员工管理\staff_manage.cpp(163): warning C4996: 'strcpy': This function or variable may be unsafe. Consider using strcpy_s instead. To disable deprecation, use _CRT_SECURE_NO_WARNINGS. See online help for details.
                 d:\vs2010\vc\include\string.h(105) : 参见“strcpy”的声明
     1>d:\vs2010\销售公司员工管理\销售公司员工管理\staff_manage.cpp(169): warning C4996: 'strcpy': This function or variable may be unsafe. Consider using strcpy_s instead. To disable deprecation, use _CRT_SECURE_NO_WARNINGS. See online help for details.
                 d:\vs2010\vc\include\string.h(105) : 参见“strcpy”的声明
     1>d:\vs2010\销售公司员工管理\销售公司员工管理\staff_manage.cpp(170): warning C4996: 'strcpy': This function or variable may be unsafe. Consider using strcpy_s instead. To disable deprecation, use _CRT_SECURE_NO_WARNINGS. See online help for details.
                 d:\vs2010\vc\include\string.h(105) : 参见“strcpy”的声明
     1>d:\vs2010\销售公司员工管理\销售公司员工管理\staff_manage.cpp(171): warning C4996: 'strcpy': This function or variable may be unsafe. Consider using strcpy_s instead. To disable deprecation, use _CRT_SECURE_NO_WARNINGS. See online help for details.
                 d:\vs2010\vc\include\string.h(105) : 参见“strcpy”的声明
     1>d:\vs2010\销售公司员工管理\销售公司员工管理\staff_manage.cpp(172): warning C4996: 'strcpy': This function or variable may be unsafe. Consider using strcpy_s instead. To disable deprecation, use _CRT_SECURE_NO_WARNINGS. See online help for details.
                 d:\vs2010\vc\include\string.h(105) : 参见“strcpy”的声明
     1>d:\vs2010\销售公司员工管理\销售公司员工管理\staff_manage.cpp(173): warning C4996: 'strcpy': This function or variable may be unsafe. Consider using strcpy_s instead. To disable deprecation, use _CRT_SECURE_NO_WARNINGS. See online help for details.
                 d:\vs2010\vc\include\string.h(105) : 参见“strcpy”的声明
     1>d:\vs2010\销售公司员工管理\销售公司员工管理\staff_manage.cpp(175): warning C4244: “=”: 从“std::streamoff”转换到“int”，可能丢失数据
     1>d:\vs2010\销售公司员工管理\销售公司员工管理\staff_manage.cpp(304): warning C4258: “pos”: 忽略 For 循环中的定义；使用封闭范围中的定义
                 d:\vs2010\销售公司员工管理\销售公司员工管理\staff_manage.cpp(299) : 忽略“pos”的定义
                 d:\vs2010\销售公司员工管理\销售公司员工管理\staff_manage.cpp(194) : 使用“pos”的定义
     1>d:\vs2010\销售公司员工管理\销售公司员工管理\staff_manage.cpp(306): warning C4258: “pos”: 忽略 For 循环中的定义；使用封闭范围中的定义
                 d:\vs2010\销售公司员工管理\销售公司员工管理\staff_manage.cpp(299) : 忽略“pos”的定义
                 d:\vs2010\销售公司员工管理\销售公司员工管理\staff_manage.cpp(194) : 使用“pos”的定义
     1>d:\vs2010\销售公司员工管理\销售公司员工管理\staff_manage.cpp(307): warning C4258: “pos”: 忽略 For 循环中的定义；使用封闭范围中的定义
                 d:\vs2010\销售公司员工管理\销售公司员工管理\staff_manage.cpp(299) : 忽略“pos”的定义
                 d:\vs2010\销售公司员工管理\销售公司员工管理\staff_manage.cpp(194) : 使用“pos”的定义
     1>d:\vs2010\销售公司员工管理\销售公司员工管理\staff_manage.cpp(308): warning C4258: “pos”: 忽略 For 循环中的定义；使用封闭范围中的定义
                 d:\vs2010\销售公司员工管理\销售公司员工管理\staff_manage.cpp(299) : 忽略“pos”的定义
                 d:\vs2010\销售公司员工管理\销售公司员工管理\staff_manage.cpp(194) : 使用“pos”的定义
     1>d:\vs2010\销售公司员工管理\销售公司员工管理\staff_manage.cpp(432): warning C4244: “=”: 从“std::streamoff”转换到“int”，可能丢失数据
     1>d:\vs2010\销售公司员工管理\销售公司员工管理\staff_manage.cpp(456): warning C4101: “pos”: 未引用的局部变量
       ManifestResourceCompile:
         所有输出均为最新。
       Link:
         D:\vs2010\VC\bin\link.exe /ERRORREPORT:PROMPT /OUT:"D:\vs2010\销售公司员工管理\Debug\销售公司员工管理.exe" /INCREMENTAL /NOLOGO kernel32.lib user32.lib gdi32.lib winspool.lib comdlg32.lib advapi32.lib shell32.lib ole32.lib oleaut32.lib uuid.lib odbc32.lib odbccp32.lib /MANIFEST /ManifestFile:"Debug\销售公司员工管理.exe.intermediate.manifest" /MANIFESTUAC:"level='asInvoker' uiAccess='false'" /DEBUG /PDB:"D:\vs2010\销售公司员工管理\Debug\销售公司员工管理.pdb" /SUBSYSTEM:CONSOLE /STACK:"1000000" /TLBID:1 /DYNAMICBASE /NXCOMPAT /IMPLIB:"D:\vs2010\销售公司员工管理\Debug\销售公司员工管理.lib" /MACHINE:X86 "Debug\销售公司员工管理.exe.embed.manifest.res"
         Debug\company_staff.obj
         Debug\main.obj
         Debug\Manager.obj
         Debug\Saleman.obj
         Debug\SaleManager.obj
         Debug\Staff_Manage.obj
       Manifest:
         c:\Program Files (x86)\Microsoft SDKs\Windows\v7.0A\bin\mt.exe /nologo /verbose /out:"Debug\销售公司员工管理.exe.embed.manifest" /manifest "Debug\销售公司员工管理.exe.intermediate.manifest"
         所有输出均为最新。
       LinkEmbedManifest:
         所有输出均为最新。
         销售公司员工管理.vcxproj -> D:\vs2010\销售公司员工管理\Debug\销售公司员工管理.exe
       FinalizeBuildStatus:
         正在删除文件“Debug\销售公司员工管理.unsuccessfulbuild”。
         正在对“Debug\销售公司员工管理.lastbuildstate”执行 Touch 任务。
     1>已完成生成项目“D:\vs2010\销售公司员工管理\销售公司员工管理\销售公司员工管理.vcxproj”(build 个目标)的操作。

生成成功。

已用时间 00:00:01.49
